Namespace(batch_size=32, device=0, hidden_dim=128, image_size=28, lr=3e-05, module_type='cnn', num_iter=10, query_size=8, save='output/', test_iter=100, train_iter=200)
Experiment Starts!
Epoch 1
Epoch Loss: 132.85
Test Accuracy: 54.35%
Epoch 2
Epoch Loss: 96.02
Test Accuracy: 57.31%
Epoch 3
Epoch Loss: 86.48
Test Accuracy: 57.68%
Epoch 4
Epoch Loss: 81.74
Test Accuracy: 58.13%
Epoch 5
Epoch Loss: 79.08
Test Accuracy: 58.98%
Epoch 6
Epoch Loss: 77.21
Test Accuracy: 57.78%
Epoch 7
Epoch Loss: 75.59
Test Accuracy: 58.54%
Epoch 8
Epoch Loss: 72.65
Test Accuracy: 58.43%
Epoch 9
Epoch Loss: 71.98
Test Accuracy: 58.77%
Epoch 10
Epoch Loss: 70.26
Test Accuracy: 59.06%
